0 info it worked if it ends with ok
1 verbose cli [ 'C:\\Program Files\\nodejs\\node.exe',
1 verbose cli   'C:\\Program Files\\nodejs\\node_modules\\npm\\bin\\npm-cli.js',
1 verbose cli   'install',
1 verbose cli   '--save-dev',
1 verbose cli   'webpack-dev-server@beta',
1 verbose cli   'webpack@beta' ]
2 info using npm@4.1.2
3 info using node@v7.7.4
4 silly loadCurrentTree Starting
5 silly install loadCurrentTree
6 silly install readLocalPackageData
7 silly fetchPackageMetaData webpack-dev-server@beta
8 silly fetchPackageMetaData webpack@beta
9 silly fetchNamedPackageData webpack-dev-server
10 silly mapToRegistry name webpack-dev-server
11 silly mapToRegistry using default registry
12 silly mapToRegistry registry https://registry.npmjs.org/
13 silly mapToRegistry data Result {
13 silly mapToRegistry   raw: 'webpack-dev-server',
13 silly mapToRegistry   scope: null,
13 silly mapToRegistry   escapedName: 'webpack-dev-server',
13 silly mapToRegistry   name: 'webpack-dev-server',
13 silly mapToRegistry   rawSpec: '',
13 silly mapToRegistry   spec: 'latest',
13 silly mapToRegistry   type: 'tag' }
14 silly mapToRegistry uri https://registry.npmjs.org/webpack-dev-server
15 silly fetchNamedPackageData webpack
16 silly mapToRegistry name webpack
17 silly mapToRegistry using default registry
18 silly mapToRegistry registry https://registry.npmjs.org/
19 silly mapToRegistry data Result {
19 silly mapToRegistry   raw: 'webpack',
19 silly mapToRegistry   scope: null,
19 silly mapToRegistry   escapedName: 'webpack',
19 silly mapToRegistry   name: 'webpack',
19 silly mapToRegistry   rawSpec: '',
19 silly mapToRegistry   spec: 'latest',
19 silly mapToRegistry   type: 'tag' }
20 silly mapToRegistry uri https://registry.npmjs.org/webpack
21 verbose request uri https://registry.npmjs.org/webpack
22 verbose request no auth needed
23 info attempt registry request try #1 at 5:22:50 PM
24 verbose request id 1af49afd6ec4f4ab
25 verbose etag "5a797e04-11c24a"
26 verbose lastModified Tue, 6 Feb 2018 10:05:56 GMT
27 http request GET https://registry.npmjs.org/webpack
28 verbose request uri https://registry.npmjs.org/webpack-dev-server
29 verbose request no auth needed
30 info attempt registry request try #1 at 5:22:50 PM
31 verbose etag "5a768c8c-45bdd"
32 verbose lastModified Sun, 4 Feb 2018 4:31:08 GMT
33 http request GET https://registry.npmjs.org/webpack-dev-server
34 http 304 https://registry.npmjs.org/webpack
35 verbose headers { date: 'Thu, 08 Feb 2018 15:22:52 GMT',
35 verbose headers   via: '1.1 varnish',
35 verbose headers   'cache-control': 'max-age=300',
35 verbose headers   etag: '"5a797e04-11c24a"',
35 verbose headers   age: '4505',
35 verbose headers   connection: 'keep-alive',
35 verbose headers   'x-served-by': 'cache-fra19139-FRA',
35 verbose headers   'x-cache': 'HIT',
35 verbose headers   'x-cache-hits': '66',
35 verbose headers   'x-timer': 'S1518103373.848502,VS0,VE0',
35 verbose headers   vary: 'Accept-Encoding, Accept' }
36 silly get cb [ 304,
36 silly get   { date: 'Thu, 08 Feb 2018 15:22:52 GMT',
36 silly get     via: '1.1 varnish',
36 silly get     'cache-control': 'max-age=300',
36 silly get     etag: '"5a797e04-11c24a"',
36 silly get     age: '4505',
36 silly get     connection: 'keep-alive',
36 silly get     'x-served-by': 'cache-fra19139-FRA',
36 silly get     'x-cache': 'HIT',
36 silly get     'x-cache-hits': '66',
36 silly get     'x-timer': 'S1518103373.848502,VS0,VE0',
36 silly get     vary: 'Accept-Encoding, Accept' } ]
37 verbose etag https://registry.npmjs.org/webpack from cache
38 verbose get saving webpack to C:\Users\ysobol\AppData\Roaming\npm-cache\registry.npmjs.org\webpack\.cache.json
39 verbose correctMkdir C:\Users\ysobol\AppData\Roaming\npm-cache correctMkdir not in flight; initializing
40 silly fetchNamedPackageData No valid target from cache, forcing network
41 verbose request uri https://registry.npmjs.org/webpack
42 verbose request no auth needed
43 info attempt registry request try #1 at 5:22:50 PM
44 http request GET https://registry.npmjs.org/webpack
45 http 200 https://registry.npmjs.org/webpack-dev-server
46 verbose headers { 'content-type': 'application/json; charset=UTF-8',
46 verbose headers   server: 'UploadServer',
46 verbose headers   'cache-control': 'max-age=300',
46 verbose headers   'last-modified': 'Mon, 5 Feb 2018 8:52:21 GMT',
46 verbose headers   etag: '"5a781b45-45bee"',
46 verbose headers   'x-npm-region': 'EU-East',
46 verbose headers   'content-encoding': 'gzip',
46 verbose headers   'content-length': '22243',
46 verbose headers   'accept-ranges': 'bytes',
46 verbose headers   date: 'Thu, 08 Feb 2018 15:22:52 GMT',
46 verbose headers   via: '1.1 varnish',
46 verbose headers   age: '8793',
46 verbose headers   connection: 'keep-alive',
46 verbose headers   'x-served-by': 'cache-fra19134-FRA',
46 verbose headers   'x-cache': 'HIT',
46 verbose headers   'x-cache-hits': '73',
46 verbose headers   'x-timer': 'S1518103373.853403,VS0,VE0',
46 verbose headers   vary: 'Accept-Encoding, Accept' }
47 silly get cb [ 200,
47 silly get   { 'content-type': 'application/json; charset=UTF-8',
47 silly get     server: 'UploadServer',
47 silly get     'cache-control': 'max-age=300',
47 silly get     'last-modified': 'Mon, 5 Feb 2018 8:52:21 GMT',
47 silly get     etag: '"5a781b45-45bee"',
47 silly get     'x-npm-region': 'EU-East',
47 silly get     'content-encoding': 'gzip',
47 silly get     'content-length': '22243',
47 silly get     'accept-ranges': 'bytes',
47 silly get     date: 'Thu, 08 Feb 2018 15:22:52 GMT',
47 silly get     via: '1.1 varnish',
47 silly get     age: '8793',
47 silly get     connection: 'keep-alive',
47 silly get     'x-served-by': 'cache-fra19134-FRA',
47 silly get     'x-cache': 'HIT',
47 silly get     'x-cache-hits': '73',
47 silly get     'x-timer': 'S1518103373.853403,VS0,VE0',
47 silly get     vary: 'Accept-Encoding, Accept' } ]
48 verbose get saving webpack-dev-server to C:\Users\ysobol\AppData\Roaming\npm-cache\registry.npmjs.org\webpack-dev-server\.cache.json
49 verbose correctMkdir C:\Users\ysobol\AppData\Roaming\npm-cache correctMkdir not in flight; initializing
50 silly fetchPackageMetaData Error: No compatible version found: webpack-dev-server@beta
50 silly fetchPackageMetaData Valid install targets:
50 silly fetchPackageMetaData 0.6.0, 0.6.1, 0.6.2, 0.7.0, 0.7.1, 0.7.2, 0.8.0, 0.8.1, 0.8.2, 0.9.0, 0.9.1, 0.9.2, 0.9.3, 0.9.4, 0.10.0, 0.10.1, 0.11.0, 0.11.1, 1.0.0, 1.0.1, 1.0.2, 1.1.0, 1.2.0, 1.2.1, 1.2.2, 1.2.3, 1.2.4, 1.2.5, 1.2.6, 1.2.7, 1.2.8, 1.2.9, 1.3.0, 1.3.1, 1.3.2, 1.4.0, 1.4.1, 1.4.2, 1.4.3, 1.4.4, 1.4.5, 1.4.6, 1.4.7, 1.4.9, 1.4.10, 1.5.0, 1.6.0, 1.6.1, 1.6.2, 1.6.3, 1.6.4, 1.6.5, 1.6.6, 1.7.0, 1.8.0, 1.8.1, 1.8.2, 1.9.0, 1.10.0, 1.10.1, 1.11.0, 1.12.0, 1.12.1, 1.13.0, 1.14.0, 1.14.1, 2.0.0-beta, 2.1.0-beta.0, 1.15.0, 2.1.0-beta.1, 2.1.0-beta.2, 1.15.1, 2.1.0-beta.3, 2.1.0-beta.4, 1.15.2, 1.16.0, 1.16.1, 2.1.0-beta.5, 2.1.0-beta.6, 2.1.0-beta.7, 2.1.0-beta.8, 1.16.2, 2.1.0-beta.9, 2.1.0-beta.10, 2.1.0-beta.11, 2.1.0-beta.12, 2.2.0-rc.0, 2.2.0, 2.2.1, 1.16.3, 2.3.0, 2.4.0, 2.4.1, 2.4.2, 2.4.3, 1.16.4, 2.4.4, 2.4.5, 1.16.5, 2.5.0, 2.5.1, 2.6.0, 2.6.1, 2.7.1, 2.8.0, 2.8.1, 2.8.2, 2.9.0, 2.9.1, 2.9.2, 2.9.3, 2.9.4, 2.9.5, 2.9.6, 2.9.7, 3.0.0-alpha1, 3.0.0-alpha2, 3.0.0-alpha3, 3.0.0-alpha4, 3.0.0-alpha5, 3.0.0-alpha6, 2.10.0, 2.10.1, 2.11.0, 2.11.1
50 silly fetchPackageMetaData
50 silly fetchPackageMetaData     at pickVersionFromRegistryDocument (C:\Program Files\nodejs\node_modules\npm\lib\fetch-package-metadata.js:158:16)
50 silly fetchPackageMetaData     at C:\Program Files\nodejs\node_modules\npm\node_modules\iferr\index.js:13:50
50 silly fetchPackageMetaData     at C:\Program Files\nodejs\node_modules\npm\lib\utils\pulse-till-done.js:20:8
50 silly fetchPackageMetaData     at saved (C:\Program Files\nodejs\node_modules\npm\lib\cache\caching-client.js:174:7)
50 silly fetchPackageMetaData     at C:\Program Files\nodejs\node_modules\npm\node_modules\graceful-fs\polyfills.js:261:18
50 silly fetchPackageMetaData     at FSReqWrap.oncomplete (fs.js:114:15)
50 silly fetchPackageMetaData  error for webpack-dev-server@beta { Error: No compatible version found: webpack-dev-server@beta
50 silly fetchPackageMetaData Valid install targets:
50 silly fetchPackageMetaData 0.6.0, 0.6.1, 0.6.2, 0.7.0, 0.7.1, 0.7.2, 0.8.0, 0.8.1, 0.8.2, 0.9.0, 0.9.1, 0.9.2, 0.9.3, 0.9.4, 0.10.0, 0.10.1, 0.11.0, 0.11.1, 1.0.0, 1.0.1, 1.0.2, 1.1.0, 1.2.0, 1.2.1, 1.2.2, 1.2.3, 1.2.4, 1.2.5, 1.2.6, 1.2.7, 1.2.8, 1.2.9, 1.3.0, 1.3.1, 1.3.2, 1.4.0, 1.4.1, 1.4.2, 1.4.3, 1.4.4, 1.4.5, 1.4.6, 1.4.7, 1.4.9, 1.4.10, 1.5.0, 1.6.0, 1.6.1, 1.6.2, 1.6.3, 1.6.4, 1.6.5, 1.6.6, 1.7.0, 1.8.0, 1.8.1, 1.8.2, 1.9.0, 1.10.0, 1.10.1, 1.11.0, 1.12.0, 1.12.1, 1.13.0, 1.14.0, 1.14.1, 2.0.0-beta, 2.1.0-beta.0, 1.15.0, 2.1.0-beta.1, 2.1.0-beta.2, 1.15.1, 2.1.0-beta.3, 2.1.0-beta.4, 1.15.2, 1.16.0, 1.16.1, 2.1.0-beta.5, 2.1.0-beta.6, 2.1.0-beta.7, 2.1.0-beta.8, 1.16.2, 2.1.0-beta.9, 2.1.0-beta.10, 2.1.0-beta.11, 2.1.0-beta.12, 2.2.0-rc.0, 2.2.0, 2.2.1, 1.16.3, 2.3.0, 2.4.0, 2.4.1, 2.4.2, 2.4.3, 1.16.4, 2.4.4, 2.4.5, 1.16.5, 2.5.0, 2.5.1, 2.6.0, 2.6.1, 2.7.1, 2.8.0, 2.8.1, 2.8.2, 2.9.0, 2.9.1, 2.9.2, 2.9.3, 2.9.4, 2.9.5, 2.9.6, 2.9.7, 3.0.0-alpha1, 3.0.0-alpha2, 3.0.0-alpha3, 3.0.0-alpha4, 3.0.0-alpha5, 3.0.0-alpha6, 2.10.0, 2.10.1, 2.11.0, 2.11.1
50 silly fetchPackageMetaData
50 silly fetchPackageMetaData     at pickVersionFromRegistryDocument (C:\Program Files\nodejs\node_modules\npm\lib\fetch-package-metadata.js:158:16)
50 silly fetchPackageMetaData     at C:\Program Files\nodejs\node_modules\npm\node_modules\iferr\index.js:13:50
50 silly fetchPackageMetaData     at C:\Program Files\nodejs\node_modules\npm\lib\utils\pulse-till-done.js:20:8
50 silly fetchPackageMetaData     at saved (C:\Program Files\nodejs\node_modules\npm\lib\cache\caching-client.js:174:7)
50 silly fetchPackageMetaData     at C:\Program Files\nodejs\node_modules\npm\node_modules\graceful-fs\polyfills.js:261:18
50 silly fetchPackageMetaData     at FSReqWrap.oncomplete (fs.js:114:15) code: 'ETARGET' }
51 http 200 https://registry.npmjs.org/webpack
52 verbose headers { 'content-type': 'application/json; charset=UTF-8',
52 verbose headers   server: 'UploadServer',
52 verbose headers   'cache-control': 'max-age=300',
52 verbose headers   'last-modified': 'Tue, 6 Feb 2018 10:05:56 GMT',
52 verbose headers   etag: '"5a797e04-11c24a"',
52 verbose headers   'x-npm-region': 'EU-East',
52 verbose headers   'content-encoding': 'gzip',
52 verbose headers   'content-length': '61093',
52 verbose headers   'accept-ranges': 'bytes',
52 verbose headers   date: 'Thu, 08 Feb 2018 15:22:52 GMT',
52 verbose headers   via: '1.1 varnish',
52 verbose headers   age: '4505',
52 verbose headers   connection: 'keep-alive',
52 verbose headers   'x-served-by': 'cache-fra19139-FRA',
52 verbose headers   'x-cache': 'HIT',
52 verbose headers   'x-cache-hits': '67',
52 verbose headers   'x-timer': 'S1518103373.933396,VS0,VE0',
52 verbose headers   vary: 'Accept-Encoding, Accept' }
53 silly get cb [ 200,
53 silly get   { 'content-type': 'application/json; charset=UTF-8',
53 silly get     server: 'UploadServer',
53 silly get     'cache-control': 'max-age=300',
53 silly get     'last-modified': 'Tue, 6 Feb 2018 10:05:56 GMT',
53 silly get     etag: '"5a797e04-11c24a"',
53 silly get     'x-npm-region': 'EU-East',
53 silly get     'content-encoding': 'gzip',
53 silly get     'content-length': '61093',
53 silly get     'accept-ranges': 'bytes',
53 silly get     date: 'Thu, 08 Feb 2018 15:22:52 GMT',
53 silly get     via: '1.1 varnish',
53 silly get     age: '4505',
53 silly get     connection: 'keep-alive',
53 silly get     'x-served-by': 'cache-fra19139-FRA',
53 silly get     'x-cache': 'HIT',
53 silly get     'x-cache-hits': '67',
53 silly get     'x-timer': 'S1518103373.933396,VS0,VE0',
53 silly get     vary: 'Accept-Encoding, Accept' } ]
54 verbose get saving webpack to C:\Users\ysobol\AppData\Roaming\npm-cache\registry.npmjs.org\webpack\.cache.json
55 verbose correctMkdir C:\Users\ysobol\AppData\Roaming\npm-cache correctMkdir not in flight; initializing
56 silly fetchPackageMetaData Error: No compatible version found: webpack@beta
56 silly fetchPackageMetaData Valid install targets:
56 silly fetchPackageMetaData 0.1.0, 0.1.1, 0.1.2, 0.1.3, 0.1.4, 0.1.5, 0.1.6, 0.2.0, 0.2.1, 0.2.2, 0.2.3, 0.2.4, 0.2.6, 0.2.7, 0.2.8, 0.3.0, 0.3.1, 0.3.2, 0.3.3, 0.3.4, 0.3.6, 0.3.7, 0.3.8, 0.3.9, 0.3.10, 0.3.11, 0.3.12, 0.3.13, 0.3.14, 0.3.15, 0.3.16, 0.3.17, 0.3.18, 0.3.19, 0.3.20, 0.4.0, 0.4.1, 0.4.2, 0.4.3, 0.4.4, 0.4.5, 0.4.6, 0.4.7, 0.4.8, 0.4.9, 0.4.10, 0.4.11, 0.4.12, 0.4.13, 0.4.14, 0.4.15, 0.4.16, 0.4.17, 0.4.18, 0.4.19, 0.4.20, 0.4.21, 0.4.23, 0.4.24, 0.4.25, 0.5.0, 0.5.1, 0.5.2, 0.5.3, 0.5.4, 0.5.5, 0.5.6, 0.5.7, 0.5.8, 0.5.10, 0.6.0, 0.6.1, 0.6.2, 0.7.0-beta, 0.7.0-beta2, 0.7.0-beta3, 0.7.0-beta4, 0.7.0-beta5, 0.7.0-beta6, 0.7.0-beta7, 0.7.0-beta8, 0.7.0, 0.7.1, 0.7.2, 0.7.3, 0.7.4, 0.7.5, 0.7.6, 0.7.7, 0.7.8, 0.7.9, 0.7.11, 0.7.12, 0.7.13, 0.7.14, 0.7.15, 0.7.16, 0.7.17, 0.8.0-beta1, 0.8.0-beta2, 0.8.0-beta3, 0.8.0-beta4, 0.8.0, 0.8.2, 0.8.3, 0.9.0-beta1, 0.9.0-beta2, 0.9.0-beta4, 0.9.0-beta5, 0.9.0-beta6, 0.9.0-beta7, 0.9.0-beta8, 0.9.0-beta9, 0.9.0-beta10, 0.9.0-beta11, 0.9.0-beta12, 0.9.0-beta13, 0.9.0-beta14, 0.9.0-beta15, 0.9.0-beta16, 0.9.0-beta17, 0.9.0-beta18, 0.9.0-beta19, 0.9.0-beta20, 0.9.0-beta21, 0.9.0-beta22, 0.9.0-beta23, 0.9.0-beta24, 0.9.0-beta25, 0.9.0-beta26, 0.9.0-beta27, 0.9.0-beta28, 0.9.0-beta29, 0.9.0-beta30, 0.9.0-beta31, 0.9.0-beta32, 0.9.0-beta33, 0.9.0-beta34, 0.9.0-beta35, 0.9.0-beta36, 0.9.0-beta37, 0.9.0-beta38, 0.9.0, 0.9.1, 0.9.2, 0.9.3, 0.10.0-beta2, 0.10.0-beta3, 0.10.0-beta5, 0.10.0-beta6, 0.10.0-beta7, 0.10.0-beta8, 0.10.0-beta9, 0.10.0-beta10, 0.10.0-beta11, 0.10.0-beta12, 0.10.0-beta13, 0.10.0-beta14, 0.10.0-beta15, 0.10.0-beta16, 0.10.0-beta17, 0.10.0-beta18, 0.10.0-beta19, 0.10.0-beta20, 0.10.0-beta21, 0.10.0-beta22, 0.10.0-beta23, 0.10.0-beta24, 0.10.0-beta25, 0.10.0, 0.11.0-beta1, 0.11.0-beta2, 0.11.0-beta3, 0.11.0-beta4, 0.11.0-beta5, 0.11.0-beta6, 0.11.0-beta7, 0.11.0-beta8, 0.11.0-beta9, 0.11.0-beta10, 0.11.0-beta11, 0.11.0-beta12, 0.11.0-beta13, 0.11.0-beta14, 0.11.0-beta15, 0.11.0-beta16, 0.11.0-beta17, 0.11.0-beta18, 0.11.0-beta19, 0.11.0-beta20, 0.11.0-beta21, 0.11.0-beta22, 0.11.0-beta23, 0.11.0-beta24, 0.11.0-beta25, 0.11.0-beta26, 0.11.0-beta27, 0.11.0-beta28, 0.11.0-beta29, 0.11.0, 0.11.1, 0.11.2, 0.11.3, 0.11.4, 0.11.5, 0.11.6, 0.11.7, 0.11.8, 0.11.9, 0.11.10, 0.11.11, 0.11.12, 0.11.13, 0.11.14, 0.11.15, 1.0.0-beta1, 1.0.0-beta2, 1.0.0-beta3, 1.0.0-beta4, 0.11.16, 0.11.17, 0.11.18, 1.0.0-beta5, 1.0.0-beta6, 1.0.0-beta7, 1.0.0-beta8, 1.0.0-beta9, 1.0.0-rc1, 1.0.0-rc2, 1.0.0-rc3, 1.0.0-rc4, 1.0.0-rc5, 1.0.0-rc7, 1.0.0-rc8, 1.0.0-rc9, 1.0.0-rc11, 1.0.0-rc12, 1.0.0, 1.0.1, 1.0.3, 1.0.4, 1.0.5, 1.1.0-beta1, 1.1.0-beta2, 1.1.0-beta3, 1.1.0-beta4, 1.1.0-beta5, 1.1.0-beta6, 1.1.0-beta7, 1.1.0-beta8, 1.1.0-beta9, 1.1.0-beta10, 1.1.0-beta12, 1.1.0, 1.1.1, 1.1.2, 1.1.3, 1.1.4, 1.1.5, 1.1.6, 1.1.7, 1.1.8, 1.1.9, 1.1.10, 1.1.11, 1.2.0-beta1, 1.2.0-beta2, 1.2.0-beta4, 1.2.0-beta5, 1.2.0-beta6, 1.3.0-beta1, 1.3.0-beta2, 1.3.0-beta3, 1.3.0-beta4, 1.3.0-beta5, 1.3.0-beta6, 1.3.0-beta7, 1.3.0-beta8, 1.3.0-beta9, 1.3.1-beta1, 1.3.1-beta2, 1.3.1-beta3, 1.3.1-beta4, 1.3.1-beta5, 1.3.1-beta6, 1.3.1-beta7, 1.3.1-beta8, 1.3.1-beta9, 1.3.2-beta1, 1.3.2-beta2, 1.3.2-beta3, 1.3.2-beta4, 1.3.2-beta5, 1.3.2-beta6, 1.3.2-beta7, 1.3.2-beta8, 1.3.2-beta9, 1.3.3-beta1, 1.3.3-beta2, 1.3.4, 1.3.5, 1.3.6, 1.3.7, 1.4.0-beta1, 1.4.0-beta2, 1.4.0-beta3, 1.4.0-beta4, 1.4.0-beta5, 1.4.0-beta6, 1.4.0-beta7, 1.4.0-beta8, 1.4.0-beta9, 1.4.0-beta10, 1.4.1-beta1, 1.4.2, 1.4.3, 1.4.4, 1.4.5, 1.4.6, 1.4.7, 1.4.8, 1.4.9, 1.4.10, 1.4.11, 1.4.12, 1.4.13, 1.4.14, 1.4.15, 1.5.0, 1.5.1, 1.5.2, 1.5.3, 1.6.0, 1.7.0, 1.7.1, 1.7.2, 1.7.3, 1.8.0, 1.8.1, 1.8.2, 1.8.3, 1.8.4, 1.8.5, 1.8.6, 1.8.7, 1.8.8, 1.8.9, 1.8.10, 1.8.11, 1.9.0, 1.9.1, 1.9.2, 1.9.3, 1.9.4, 1.9.5, 1.9.6, 1.9.7, 1.9.8, 1.9.9, 1.9.10, 1.9.11, 1.9.12, 1.9.13, 1.10.0, 1.10.1, 1.10.2, 1.10.3, 1.10.4, 1.10.5, 1.11.0, 1.12.0, 1.12.1, 1.12.2, 2.0.0-beta, 1.12.3, 1.12.4, 1.12.5, 1.12.6, 1.12.7, 1.12.8, 1.12.9, 2.0.1-beta, 2.0.2-beta, 1.12.10, 1.12.11, 2.0.4-beta, 1.12.12, 2.0.5-beta, 2.0.6-beta, 2.0.7-beta, 1.12.13, 2.1.0-beta.0, 2.1.0-beta.1, 2.1.0-beta.2, 1.12.14, 2.1.0-beta.3, 2.1.0-beta.4, 2.1.0-beta.5, 1.12.15, 1.13.0, 2.1.0-beta.6, 2.1.0-beta.7, 1.13.1, 2.1.0-beta.8, 2.1.0-beta.9, 2.1.0-beta.10, 2.1.0-beta.11, 2.1.0-beta.12, 2.1.0-beta.13, 2.1.0-beta.14, 2.1.0-beta.15, 2.1.0-beta.16, 2.1.0-beta.17, 2.1.0-beta.18, 2.1.0-beta.19, 2.1.0-beta.20, 2.1.0-beta.21, 1.13.2, 2.1.0-beta.22, 2.1.0-beta.23, 2.1.0-beta.24, 2.1.0-beta.25, 1.13.3, 2.1.0-beta.26, 2.1.0-beta.27, 1.14.0, 2.1.0-beta.28, 2.2.0-rc.0, 2.2.0-rc.1, 2.2.0-rc.2, 2.2.0-rc.3, 2.2.0-rc.4, 2.2.0-rc.5, 2.2.0-rc.6, 2.2.0-rc.7, 2.2.0-rc.8, 2.2.0, 2.2.1, 2.3.0, 2.3.1, 2.3.2, 2.3.3, 1.15.0, 2.4.0, 2.4.1, 2.5.0, 2.5.1, 2.6.0, 2.6.1, 3.0.0-rc.0, 3.0.0-rc.1, 3.0.0-rc.2, 3.0.0, 3.1.0, 3.2.0, 2.7.0, 3.3.0, 3.4.0, 3.4.1, 3.5.0, 3.5.1, 3.5.2, 3.5.3, 3.5.4, 3.5.5, 3.5.6, 3.6.0, 3.7.0, 3.7.1, 3.8.0, 3.8.1, 3.9.0, 3.9.1, 3.10.0, 4.0.0-alpha.0, 4.0.0-alpha.1, 4.0.0-alpha.2, 4.0.0-alpha.3, 4.0.0-alpha.4, 4.0.0-alpha.5, 4.0.0-beta.0
56 silly fetchPackageMetaData
56 silly fetchPackageMetaData     at pickVersionFromRegistryDocument (C:\Program Files\nodejs\node_modules\npm\lib\fetch-package-metadata.js:158:16)
56 silly fetchPackageMetaData     at C:\Program Files\nodejs\node_modules\npm\node_modules\iferr\index.js:13:50
56 silly fetchPackageMetaData     at C:\Program Files\nodejs\node_modules\npm\lib\utils\pulse-till-done.js:20:8
56 silly fetchPackageMetaData     at saved (C:\Program Files\nodejs\node_modules\npm\lib\cache\caching-client.js:174:7)
56 silly fetchPackageMetaData     at C:\Program Files\nodejs\node_modules\npm\node_modules\graceful-fs\polyfills.js:261:18
56 silly fetchPackageMetaData     at FSReqWrap.oncomplete (fs.js:114:15)
56 silly fetchPackageMetaData  error for webpack@beta { Error: No compatible version found: webpack@beta
56 silly fetchPackageMetaData Valid install targets:
56 silly fetchPackageMetaData 0.1.0, 0.1.1, 0.1.2, 0.1.3, 0.1.4, 0.1.5, 0.1.6, 0.2.0, 0.2.1, 0.2.2, 0.2.3, 0.2.4, 0.2.6, 0.2.7, 0.2.8, 0.3.0, 0.3.1, 0.3.2, 0.3.3, 0.3.4, 0.3.6, 0.3.7, 0.3.8, 0.3.9, 0.3.10, 0.3.11, 0.3.12, 0.3.13, 0.3.14, 0.3.15, 0.3.16, 0.3.17, 0.3.18, 0.3.19, 0.3.20, 0.4.0, 0.4.1, 0.4.2, 0.4.3, 0.4.4, 0.4.5, 0.4.6, 0.4.7, 0.4.8, 0.4.9, 0.4.10, 0.4.11, 0.4.12, 0.4.13, 0.4.14, 0.4.15, 0.4.16, 0.4.17, 0.4.18, 0.4.19, 0.4.20, 0.4.21, 0.4.23, 0.4.24, 0.4.25, 0.5.0, 0.5.1, 0.5.2, 0.5.3, 0.5.4, 0.5.5, 0.5.6, 0.5.7, 0.5.8, 0.5.10, 0.6.0, 0.6.1, 0.6.2, 0.7.0-beta, 0.7.0-beta2, 0.7.0-beta3, 0.7.0-beta4, 0.7.0-beta5, 0.7.0-beta6, 0.7.0-beta7, 0.7.0-beta8, 0.7.0, 0.7.1, 0.7.2, 0.7.3, 0.7.4, 0.7.5, 0.7.6, 0.7.7, 0.7.8, 0.7.9, 0.7.11, 0.7.12, 0.7.13, 0.7.14, 0.7.15, 0.7.16, 0.7.17, 0.8.0-beta1, 0.8.0-beta2, 0.8.0-beta3, 0.8.0-beta4, 0.8.0, 0.8.2, 0.8.3, 0.9.0-beta1, 0.9.0-beta2, 0.9.0-beta4, 0.9.0-beta5, 0.9.0-beta6, 0.9.0-beta7, 0.9.0-beta8, 0.9.0-beta9, 0.9.0-beta10, 0.9.0-beta11, 0.9.0-beta12, 0.9.0-beta13, 0.9.0-beta14, 0.9.0-beta15, 0.9.0-beta16, 0.9.0-beta17, 0.9.0-beta18, 0.9.0-beta19, 0.9.0-beta20, 0.9.0-beta21, 0.9.0-beta22, 0.9.0-beta23, 0.9.0-beta24, 0.9.0-beta25, 0.9.0-beta26, 0.9.0-beta27, 0.9.0-beta28, 0.9.0-beta29, 0.9.0-beta30, 0.9.0-beta31, 0.9.0-beta32, 0.9.0-beta33, 0.9.0-beta34, 0.9.0-beta35, 0.9.0-beta36, 0.9.0-beta37, 0.9.0-beta38, 0.9.0, 0.9.1, 0.9.2, 0.9.3, 0.10.0-beta2, 0.10.0-beta3, 0.10.0-beta5, 0.10.0-beta6, 0.10.0-beta7, 0.10.0-beta8, 0.10.0-beta9, 0.10.0-beta10, 0.10.0-beta11, 0.10.0-beta12, 0.10.0-beta13, 0.10.0-beta14, 0.10.0-beta15, 0.10.0-beta16, 0.10.0-beta17, 0.10.0-beta18, 0.10.0-beta19, 0.10.0-beta20, 0.10.0-beta21, 0.10.0-beta22, 0.10.0-beta23, 0.10.0-beta24, 0.10.0-beta25, 0.10.0, 0.11.0-beta1, 0.11.0-beta2, 0.11.0-beta3, 0.11.0-beta4, 0.11.0-beta5, 0.11.0-beta6, 0.11.0-beta7, 0.11.0-beta8, 0.11.0-beta9, 0.11.0-beta10, 0.11.0-beta11, 0.11.0-beta12, 0.11.0-beta13, 0.11.0-beta14, 0.11.0-beta15, 0.11.0-beta16, 0.11.0-beta17, 0.11.0-beta18, 0.11.0-beta19, 0.11.0-beta20, 0.11.0-beta21, 0.11.0-beta22, 0.11.0-beta23, 0.11.0-beta24, 0.11.0-beta25, 0.11.0-beta26, 0.11.0-beta27, 0.11.0-beta28, 0.11.0-beta29, 0.11.0, 0.11.1, 0.11.2, 0.11.3, 0.11.4, 0.11.5, 0.11.6, 0.11.7, 0.11.8, 0.11.9, 0.11.10, 0.11.11, 0.11.12, 0.11.13, 0.11.14, 0.11.15, 1.0.0-beta1, 1.0.0-beta2, 1.0.0-beta3, 1.0.0-beta4, 0.11.16, 0.11.17, 0.11.18, 1.0.0-beta5, 1.0.0-beta6, 1.0.0-beta7, 1.0.0-beta8, 1.0.0-beta9, 1.0.0-rc1, 1.0.0-rc2, 1.0.0-rc3, 1.0.0-rc4, 1.0.0-rc5, 1.0.0-rc7, 1.0.0-rc8, 1.0.0-rc9, 1.0.0-rc11, 1.0.0-rc12, 1.0.0, 1.0.1, 1.0.3, 1.0.4, 1.0.5, 1.1.0-beta1, 1.1.0-beta2, 1.1.0-beta3, 1.1.0-beta4, 1.1.0-beta5, 1.1.0-beta6, 1.1.0-beta7, 1.1.0-beta8, 1.1.0-beta9, 1.1.0-beta10, 1.1.0-beta12, 1.1.0, 1.1.1, 1.1.2, 1.1.3, 1.1.4, 1.1.5, 1.1.6, 1.1.7, 1.1.8, 1.1.9, 1.1.10, 1.1.11, 1.2.0-beta1, 1.2.0-beta2, 1.2.0-beta4, 1.2.0-beta5, 1.2.0-beta6, 1.3.0-beta1, 1.3.0-beta2, 1.3.0-beta3, 1.3.0-beta4, 1.3.0-beta5, 1.3.0-beta6, 1.3.0-beta7, 1.3.0-beta8, 1.3.0-beta9, 1.3.1-beta1, 1.3.1-beta2, 1.3.1-beta3, 1.3.1-beta4, 1.3.1-beta5, 1.3.1-beta6, 1.3.1-beta7, 1.3.1-beta8, 1.3.1-beta9, 1.3.2-beta1, 1.3.2-beta2, 1.3.2-beta3, 1.3.2-beta4, 1.3.2-beta5, 1.3.2-beta6, 1.3.2-beta7, 1.3.2-beta8, 1.3.2-beta9, 1.3.3-beta1, 1.3.3-beta2, 1.3.4, 1.3.5, 1.3.6, 1.3.7, 1.4.0-beta1, 1.4.0-beta2, 1.4.0-beta3, 1.4.0-beta4, 1.4.0-beta5, 1.4.0-beta6, 1.4.0-beta7, 1.4.0-beta8, 1.4.0-beta9, 1.4.0-beta10, 1.4.1-beta1, 1.4.2, 1.4.3, 1.4.4, 1.4.5, 1.4.6, 1.4.7, 1.4.8, 1.4.9, 1.4.10, 1.4.11, 1.4.12, 1.4.13, 1.4.14, 1.4.15, 1.5.0, 1.5.1, 1.5.2, 1.5.3, 1.6.0, 1.7.0, 1.7.1, 1.7.2, 1.7.3, 1.8.0, 1.8.1, 1.8.2, 1.8.3, 1.8.4, 1.8.5, 1.8.6, 1.8.7, 1.8.8, 1.8.9, 1.8.10, 1.8.11, 1.9.0, 1.9.1, 1.9.2, 1.9.3, 1.9.4, 1.9.5, 1.9.6, 1.9.7, 1.9.8, 1.9.9, 1.9.10, 1.9.11, 1.9.12, 1.9.13, 1.10.0, 1.10.1, 1.10.2, 1.10.3, 1.10.4, 1.10.5, 1.11.0, 1.12.0, 1.12.1, 1.12.2, 2.0.0-beta, 1.12.3, 1.12.4, 1.12.5, 1.12.6, 1.12.7, 1.12.8, 1.12.9, 2.0.1-beta, 2.0.2-beta, 1.12.10, 1.12.11, 2.0.4-beta, 1.12.12, 2.0.5-beta, 2.0.6-beta, 2.0.7-beta, 1.12.13, 2.1.0-beta.0, 2.1.0-beta.1, 2.1.0-beta.2, 1.12.14, 2.1.0-beta.3, 2.1.0-beta.4, 2.1.0-beta.5, 1.12.15, 1.13.0, 2.1.0-beta.6, 2.1.0-beta.7, 1.13.1, 2.1.0-beta.8, 2.1.0-beta.9, 2.1.0-beta.10, 2.1.0-beta.11, 2.1.0-beta.12, 2.1.0-beta.13, 2.1.0-beta.14, 2.1.0-beta.15, 2.1.0-beta.16, 2.1.0-beta.17, 2.1.0-beta.18, 2.1.0-beta.19, 2.1.0-beta.20, 2.1.0-beta.21, 1.13.2, 2.1.0-beta.22, 2.1.0-beta.23, 2.1.0-beta.24, 2.1.0-beta.25, 1.13.3, 2.1.0-beta.26, 2.1.0-beta.27, 1.14.0, 2.1.0-beta.28, 2.2.0-rc.0, 2.2.0-rc.1, 2.2.0-rc.2, 2.2.0-rc.3, 2.2.0-rc.4, 2.2.0-rc.5, 2.2.0-rc.6, 2.2.0-rc.7, 2.2.0-rc.8, 2.2.0, 2.2.1, 2.3.0, 2.3.1, 2.3.2, 2.3.3, 1.15.0, 2.4.0, 2.4.1, 2.5.0, 2.5.1, 2.6.0, 2.6.1, 3.0.0-rc.0, 3.0.0-rc.1, 3.0.0-rc.2, 3.0.0, 3.1.0, 3.2.0, 2.7.0, 3.3.0, 3.4.0, 3.4.1, 3.5.0, 3.5.1, 3.5.2, 3.5.3, 3.5.4, 3.5.5, 3.5.6, 3.6.0, 3.7.0, 3.7.1, 3.8.0, 3.8.1, 3.9.0, 3.9.1, 3.10.0, 4.0.0-alpha.0, 4.0.0-alpha.1, 4.0.0-alpha.2, 4.0.0-alpha.3, 4.0.0-alpha.4, 4.0.0-alpha.5, 4.0.0-beta.0
56 silly fetchPackageMetaData
56 silly fetchPackageMetaData     at pickVersionFromRegistryDocument (C:\Program Files\nodejs\node_modules\npm\lib\fetch-package-metadata.js:158:16)
56 silly fetchPackageMetaData     at C:\Program Files\nodejs\node_modules\npm\node_modules\iferr\index.js:13:50
56 silly fetchPackageMetaData     at C:\Program Files\nodejs\node_modules\npm\lib\utils\pulse-till-done.js:20:8
56 silly fetchPackageMetaData     at saved (C:\Program Files\nodejs\node_modules\npm\lib\cache\caching-client.js:174:7)
56 silly fetchPackageMetaData     at C:\Program Files\nodejs\node_modules\npm\node_modules\graceful-fs\polyfills.js:261:18
56 silly fetchPackageMetaData     at FSReqWrap.oncomplete (fs.js:114:15) code: 'ETARGET' }
57 silly rollbackFailedOptional Starting
58 silly rollbackFailedOptional Finishing
59 silly runTopLevelLifecycles Finishing
60 silly install printInstalled
61 verbose stack Error: No compatible version found: webpack-dev-server@beta
61 verbose stack Valid install targets:
61 verbose stack 0.6.0, 0.6.1, 0.6.2, 0.7.0, 0.7.1, 0.7.2, 0.8.0, 0.8.1, 0.8.2, 0.9.0, 0.9.1, 0.9.2, 0.9.3, 0.9.4, 0.10.0, 0.10.1, 0.11.0, 0.11.1, 1.0.0, 1.0.1, 1.0.2, 1.1.0, 1.2.0, 1.2.1, 1.2.2, 1.2.3, 1.2.4, 1.2.5, 1.2.6, 1.2.7, 1.2.8, 1.2.9, 1.3.0, 1.3.1, 1.3.2, 1.4.0, 1.4.1, 1.4.2, 1.4.3, 1.4.4, 1.4.5, 1.4.6, 1.4.7, 1.4.9, 1.4.10, 1.5.0, 1.6.0, 1.6.1, 1.6.2, 1.6.3, 1.6.4, 1.6.5, 1.6.6, 1.7.0, 1.8.0, 1.8.1, 1.8.2, 1.9.0, 1.10.0, 1.10.1, 1.11.0, 1.12.0, 1.12.1, 1.13.0, 1.14.0, 1.14.1, 2.0.0-beta, 2.1.0-beta.0, 1.15.0, 2.1.0-beta.1, 2.1.0-beta.2, 1.15.1, 2.1.0-beta.3, 2.1.0-beta.4, 1.15.2, 1.16.0, 1.16.1, 2.1.0-beta.5, 2.1.0-beta.6, 2.1.0-beta.7, 2.1.0-beta.8, 1.16.2, 2.1.0-beta.9, 2.1.0-beta.10, 2.1.0-beta.11, 2.1.0-beta.12, 2.2.0-rc.0, 2.2.0, 2.2.1, 1.16.3, 2.3.0, 2.4.0, 2.4.1, 2.4.2, 2.4.3, 1.16.4, 2.4.4, 2.4.5, 1.16.5, 2.5.0, 2.5.1, 2.6.0, 2.6.1, 2.7.1, 2.8.0, 2.8.1, 2.8.2, 2.9.0, 2.9.1, 2.9.2, 2.9.3, 2.9.4, 2.9.5, 2.9.6, 2.9.7, 3.0.0-alpha1, 3.0.0-alpha2, 3.0.0-alpha3, 3.0.0-alpha4, 3.0.0-alpha5, 3.0.0-alpha6, 2.10.0, 2.10.1, 2.11.0, 2.11.1
61 verbose stack
61 verbose stack     at pickVersionFromRegistryDocument (C:\Program Files\nodejs\node_modules\npm\lib\fetch-package-metadata.js:158:16)
61 verbose stack     at C:\Program Files\nodejs\node_modules\npm\node_modules\iferr\index.js:13:50
61 verbose stack     at C:\Program Files\nodejs\node_modules\npm\lib\utils\pulse-till-done.js:20:8
61 verbose stack     at saved (C:\Program Files\nodejs\node_modules\npm\lib\cache\caching-client.js:174:7)
61 verbose stack     at C:\Program Files\nodejs\node_modules\npm\node_modules\graceful-fs\polyfills.js:261:18
61 verbose stack     at FSReqWrap.oncomplete (fs.js:114:15)
62 verbose cwd C:\Users\ysobol\Desktop\DreamsLanding\DreamsLanding
63 error Windows_NT 10.0.16299
64 error argv "C:\\Program Files\\nodejs\\node.exe" "C:\\Program Files\\nodejs\\node_modules\\npm\\bin\\npm-cli.js" "install" "--save-dev" "webpack-dev-server@beta" "webpack@beta"
65 error node v7.7.4
66 error npm  v4.1.2
67 error code ETARGET
68 error notarget No compatible version found: webpack-dev-server@beta
68 error notarget Valid install targets:
68 error notarget 0.6.0, 0.6.1, 0.6.2, 0.7.0, 0.7.1, 0.7.2, 0.8.0, 0.8.1, 0.8.2, 0.9.0, 0.9.1, 0.9.2, 0.9.3, 0.9.4, 0.10.0, 0.10.1, 0.11.0, 0.11.1, 1.0.0, 1.0.1, 1.0.2, 1.1.0, 1.2.0, 1.2.1, 1.2.2, 1.2.3, 1.2.4, 1.2.5, 1.2.6, 1.2.7, 1.2.8, 1.2.9, 1.3.0, 1.3.1, 1.3.2, 1.4.0, 1.4.1, 1.4.2, 1.4.3, 1.4.4, 1.4.5, 1.4.6, 1.4.7, 1.4.9, 1.4.10, 1.5.0, 1.6.0, 1.6.1, 1.6.2, 1.6.3, 1.6.4, 1.6.5, 1.6.6, 1.7.0, 1.8.0, 1.8.1, 1.8.2, 1.9.0, 1.10.0, 1.10.1, 1.11.0, 1.12.0, 1.12.1, 1.13.0, 1.14.0, 1.14.1, 2.0.0-beta, 2.1.0-beta.0, 1.15.0, 2.1.0-beta.1, 2.1.0-beta.2, 1.15.1, 2.1.0-beta.3, 2.1.0-beta.4, 1.15.2, 1.16.0, 1.16.1, 2.1.0-beta.5, 2.1.0-beta.6, 2.1.0-beta.7, 2.1.0-beta.8, 1.16.2, 2.1.0-beta.9, 2.1.0-beta.10, 2.1.0-beta.11, 2.1.0-beta.12, 2.2.0-rc.0, 2.2.0, 2.2.1, 1.16.3, 2.3.0, 2.4.0, 2.4.1, 2.4.2, 2.4.3, 1.16.4, 2.4.4, 2.4.5, 1.16.5, 2.5.0, 2.5.1, 2.6.0, 2.6.1, 2.7.1, 2.8.0, 2.8.1, 2.8.2, 2.9.0, 2.9.1, 2.9.2, 2.9.3, 2.9.4, 2.9.5, 2.9.6, 2.9.7, 3.0.0-alpha1, 3.0.0-alpha2, 3.0.0-alpha3, 3.0.0-alpha4, 3.0.0-alpha5, 3.0.0-alpha6, 2.10.0, 2.10.1, 2.11.0, 2.11.1
69 error notarget This is most likely not a problem with npm itself.
69 error notarget In most cases you or one of your dependencies are requesting
69 error notarget a package version that doesn't exist.
70 verbose exit [ 1, true ]
